\BOOKMARK [1][-]{section.1}{\376\377\000R\000e\000s\000u\000m\000e\000n}{}% 1
\BOOKMARK [1][-]{section.2}{\376\377\000I\000n\000t\000r\000o\000d\000u\000c\000c\000i\000\363\000n}{}% 2
\BOOKMARK [2][-]{subsection.2.1}{\376\377\000C\000o\000n\000t\000e\000x\000t\000o\000\040\000y\000\040\000m\000o\000t\000i\000v\000a\000c\000i\000\363\000n}{section.2}% 3
\BOOKMARK [2][-]{subsection.2.2}{\376\377\000O\000b\000j\000e\000t\000i\000v\000o\000s\000\040\000d\000e\000l\000\040\000e\000s\000t\000u\000d\000i\000o}{section.2}% 4
\BOOKMARK [2][-]{subsection.2.3}{\376\377\000C\000o\000n\000t\000r\000i\000b\000u\000c\000i\000o\000n\000e\000s}{section.2}% 5
\BOOKMARK [1][-]{section.3}{\376\377\000F\000u\000n\000d\000a\000m\000e\000n\000t\000o\000s\000\040\000T\000e\000\363\000r\000i\000c\000o\000s}{}% 6
\BOOKMARK [2][-]{subsection.3.1}{\376\377\000A\000l\000g\000o\000r\000i\000t\000m\000o\000s\000\040\000g\000e\000n\000\351\000t\000i\000c\000o\000s}{section.3}% 7
\BOOKMARK [2][-]{subsection.3.2}{\376\377\000J\000o\000b\000\040\000s\000h\000o\000p\000\040\000s\000c\000h\000e\000d\000u\000l\000i\000n\000g\000\040\000p\000r\000o\000b\000l\000e\000m\000\040\000\050\000J\000S\000S\000P\000\051}{section.3}% 8
\BOOKMARK [2][-]{subsection.3.3}{\376\377\000F\000r\000a\000m\000e\000w\000o\000r\000k\000\040\000D\000E\000A\000P}{section.3}% 9
\BOOKMARK [2][-]{subsection.3.4}{\376\377\000A\000l\000g\000o\000r\000i\000t\000m\000o\000\040\000e\000v\000o\000s\000o\000c\000i\000a\000l}{section.3}% 10
\BOOKMARK [3][-]{subsubsection.3.4.1}{\376\377\000A\000r\000q\000u\000i\000t\000e\000c\000t\000u\000r\000a\000\040\000s\000o\000c\000i\000a\000l\000\040\000a\000t\000\355\000p\000i\000c\000a}{subsection.3.4}% 11
\BOOKMARK [3][-]{subsubsection.3.4.2}{\376\377\000D\000e\000c\000i\000s\000i\000\363\000n\000\040\000e\000s\000t\000o\000c\000\341\000s\000t\000i\000c\000a}{subsection.3.4}% 12
\BOOKMARK [3][-]{subsubsection.3.4.3}{\376\377\000O\000p\000e\000r\000a\000d\000o\000r\000e\000s\000\040\000g\000e\000n\000\351\000t\000i\000c\000o\000s}{subsection.3.4}% 13
\BOOKMARK [3][-]{subsubsection.3.4.4}{\376\377\000S\000e\000l\000e\000c\000c\000i\000\363\000n\000\040\000e\000l\000i\000t\000i\000s\000t\000a}{subsection.3.4}% 14
\BOOKMARK [1][-]{section.4}{\376\377\000D\000i\000s\000e\000\361\000o\000\040\000e\000x\000p\000e\000r\000i\000m\000e\000n\000t\000a\000l}{}% 15
\BOOKMARK [2][-]{subsection.4.1}{\376\377\000I\000m\000p\000l\000e\000m\000e\000n\000t\000a\000c\000i\000\363\000n\000\040\000e\000n\000\040\000P\000y\000t\000h\000o\000n\000\040\000p\000u\000r\000o}{section.4}% 16
\BOOKMARK [3][-]{subsubsection.4.1.1}{\376\377\000R\000e\000p\000r\000e\000s\000e\000n\000t\000a\000c\000i\000\363\000n}{subsection.4.1}% 17
\BOOKMARK [3][-]{subsubsection.4.1.2}{\376\377\000F\000u\000n\000c\000i\000\363\000n\000\040\000d\000e\000\040\000f\000i\000t\000n\000e\000s\000s}{subsection.4.1}% 18
\BOOKMARK [3][-]{subsubsection.4.1.3}{\376\377\000O\000p\000e\000r\000a\000d\000o\000r\000e\000s\000\040\000e\000s\000p\000e\000c\000i\000a\000l\000i\000z\000a\000d\000o\000s}{subsection.4.1}% 19
\BOOKMARK [2][-]{subsection.4.2}{\376\377\000I\000m\000p\000l\000e\000m\000e\000n\000t\000a\000c\000i\000\363\000n\000\040\000c\000o\000n\000\040\000D\000E\000A\000P}{section.4}% 20
\BOOKMARK [3][-]{subsubsection.4.2.1}{\376\377\000R\000e\000p\000r\000e\000s\000e\000n\000t\000a\000c\000i\000\363\000n\000\040\000a\000d\000a\000p\000t\000a\000d\000a}{subsection.4.2}% 21
\BOOKMARK [3][-]{subsubsection.4.2.2}{\376\377\000R\000e\000g\000i\000s\000t\000r\000o\000\040\000d\000e\000\040\000t\000i\000p\000o\000s\000\040\000D\000E\000A\000P}{subsection.4.2}% 22
\BOOKMARK [3][-]{subsubsection.4.2.3}{\376\377\000O\000p\000e\000r\000a\000d\000o\000r\000e\000s\000\040\000D\000E\000A\000P}{subsection.4.2}% 23
\BOOKMARK [2][-]{subsection.4.3}{\376\377\000C\000o\000n\000f\000i\000g\000u\000r\000a\000c\000i\000\363\000n\000\040\000d\000e\000\040\000p\000a\000r\000\341\000m\000e\000t\000r\000o\000s}{section.4}% 24
\BOOKMARK [2][-]{subsection.4.4}{\376\377\000I\000n\000s\000t\000a\000n\000c\000i\000a\000s\000\040\000d\000e\000\040\000p\000r\000u\000e\000b\000a}{section.4}% 25
\BOOKMARK [2][-]{subsection.4.5}{\376\377\000M\000\351\000t\000r\000i\000c\000a\000s\000\040\000d\000e\000\040\000e\000v\000a\000l\000u\000a\000c\000i\000\363\000n}{section.4}% 26
\BOOKMARK [2][-]{subsection.4.6}{\376\377\000A\000n\000\341\000l\000i\000s\000i\000s\000\040\000e\000s\000t\000a\000d\000\355\000s\000t\000i\000c\000o}{section.4}% 27
\BOOKMARK [2][-]{subsection.4.7}{\376\377\000A\000m\000b\000i\000e\000n\000t\000e\000\040\000e\000x\000p\000e\000r\000i\000m\000e\000n\000t\000a\000l}{section.4}% 28
\BOOKMARK [1][-]{section.5}{\376\377\000R\000e\000s\000u\000l\000t\000a\000d\000o\000s}{}% 29
\BOOKMARK [2][-]{subsection.5.1}{\376\377\000R\000e\000s\000u\000m\000e\000n\000\040\000g\000l\000o\000b\000a\000l}{section.5}% 30
\BOOKMARK [2][-]{subsection.5.2}{\376\377\000R\000e\000s\000u\000l\000t\000a\000d\000o\000s\000\040\000p\000o\000r\000\040\000i\000n\000s\000t\000a\000n\000c\000i\000a}{section.5}% 31
\BOOKMARK [3][-]{subsubsection.5.2.1}{\376\377\000I\000n\000s\000t\000a\000n\000c\000i\000a\000\040\000s\000w\000v\0000\0006}{subsection.5.2}% 32
\BOOKMARK [3][-]{subsubsection.5.2.2}{\376\377\000I\000n\000s\000t\000a\000n\000c\000i\000a\000\040\000s\000w\000v\0000\0007}{subsection.5.2}% 33
\BOOKMARK [3][-]{subsubsection.5.2.3}{\376\377\000I\000n\000s\000t\000a\000n\000c\000i\000a\000\040\000s\000w\000v\0000\0008}{subsection.5.2}% 34
\BOOKMARK [2][-]{subsection.5.3}{\376\377\000A\000n\000\341\000l\000i\000s\000i\000s\000\040\000d\000e\000\040\000c\000o\000n\000v\000e\000r\000g\000e\000n\000c\000i\000a}{section.5}% 35
\BOOKMARK [2][-]{subsection.5.4}{\376\377\000D\000i\000s\000t\000r\000i\000b\000u\000c\000i\000\363\000n\000\040\000d\000e\000\040\000r\000e\000s\000u\000l\000t\000a\000d\000o\000s}{section.5}% 36
\BOOKMARK [2][-]{subsection.5.5}{\376\377\000S\000i\000g\000n\000i\000f\000i\000c\000a\000n\000c\000i\000a\000\040\000e\000s\000t\000a\000d\000\355\000s\000t\000i\000c\000a}{section.5}% 37
\BOOKMARK [1][-]{section.6}{\376\377\000D\000i\000s\000c\000u\000s\000i\000\363\000n}{}% 38
\BOOKMARK [2][-]{subsection.6.1}{\376\377\000I\000n\000t\000e\000r\000p\000r\000e\000t\000a\000c\000i\000\363\000n\000\040\000d\000e\000\040\000r\000e\000s\000u\000l\000t\000a\000d\000o\000s}{section.6}% 39
\BOOKMARK [3][-]{subsubsection.6.1.1}{\376\377\000S\000u\000p\000e\000r\000i\000o\000r\000i\000d\000a\000d\000\040\000d\000e\000\040\000P\000y\000t\000h\000o\000n\000\040\000p\000u\000r\000o\000\040\000e\000n\000\040\000c\000a\000l\000i\000d\000a\000d}{subsection.6.1}% 40
\BOOKMARK [3][-]{subsubsection.6.1.2}{\376\377\000C\000o\000n\000v\000e\000r\000g\000e\000n\000c\000i\000a\000\040\000m\000\341\000s\000\040\000t\000e\000m\000p\000r\000a\000n\000a}{subsection.6.1}% 41
\BOOKMARK [3][-]{subsubsection.6.1.3}{\376\377\000C\000o\000n\000s\000i\000s\000t\000e\000n\000c\000i\000a\000\040\000y\000\040\000r\000o\000b\000u\000s\000t\000e\000z}{subsection.6.1}% 42
\BOOKMARK [2][-]{subsection.6.2}{\376\377\000T\000r\000a\000d\000e\000-\000o\000f\000f\000\040\000t\000i\000e\000m\000p\000o\000\040\000v\000s\000\040\000c\000a\000l\000i\000d\000a\000d}{section.6}% 43
\BOOKMARK [2][-]{subsection.6.3}{\376\377\000I\000m\000p\000l\000i\000c\000a\000c\000i\000o\000n\000e\000s\000\040\000d\000e\000l\000\040\000f\000r\000a\000m\000e\000w\000o\000r\000k\000\040\000D\000E\000A\000P}{section.6}% 44
\BOOKMARK [3][-]{subsubsection.6.3.1}{\376\377\000V\000e\000n\000t\000a\000j\000a\000s\000\040\000d\000e\000\040\000D\000E\000A\000P}{subsection.6.3}% 45
\BOOKMARK [3][-]{subsubsection.6.3.2}{\376\377\000L\000i\000m\000i\000t\000a\000c\000i\000o\000n\000e\000s\000\040\000e\000n\000\040\000J\000S\000S\000P}{subsection.6.3}% 46
\BOOKMARK [2][-]{subsection.6.4}{\376\377\000R\000e\000c\000o\000m\000e\000n\000d\000a\000c\000i\000o\000n\000e\000s\000\040\000p\000r\000\341\000c\000t\000i\000c\000a\000s}{section.6}% 47
\BOOKMARK [3][-]{subsubsection.6.4.1}{\376\377\000P\000a\000r\000a\000\040\000i\000n\000v\000e\000s\000t\000i\000g\000a\000c\000i\000\363\000n\000\040\000a\000c\000a\000d\000\351\000m\000i\000c\000a}{subsection.6.4}% 48
\BOOKMARK [3][-]{subsubsection.6.4.2}{\376\377\000P\000a\000r\000a\000\040\000a\000p\000l\000i\000c\000a\000c\000i\000o\000n\000e\000s\000\040\000i\000n\000d\000u\000s\000t\000r\000i\000a\000l\000e\000s}{subsection.6.4}% 49
\BOOKMARK [2][-]{subsection.6.5}{\376\377\000L\000i\000m\000i\000t\000a\000c\000i\000o\000n\000e\000s\000\040\000d\000e\000l\000\040\000e\000s\000t\000u\000d\000i\000o}{section.6}% 50
\BOOKMARK [2][-]{subsection.6.6}{\376\377\000T\000r\000a\000b\000a\000j\000o\000\040\000f\000u\000t\000u\000r\000o}{section.6}% 51
\BOOKMARK [3][-]{subsubsection.6.6.1}{\376\377\000E\000x\000t\000e\000n\000s\000i\000o\000n\000e\000s\000\040\000i\000n\000m\000e\000d\000i\000a\000t\000a\000s}{subsection.6.6}% 52
\BOOKMARK [3][-]{subsubsection.6.6.2}{\376\377\000I\000n\000v\000e\000s\000t\000i\000g\000a\000c\000i\000\363\000n\000\040\000a\000v\000a\000n\000z\000a\000d\000a}{subsection.6.6}% 53
\BOOKMARK [1][-]{section.7}{\376\377\000C\000o\000n\000c\000l\000u\000s\000i\000o\000n\000e\000s}{}% 54
